\BOOKMARK [0][-]{chapter*.1}{Li n\363i u}{}% 1
\BOOKMARK [0][-]{chapter*.1}{Muc luc}{}% 2
\BOOKMARK [0][-]{chapter*.1}{Danh muc h\354nh ve}{}% 3
\BOOKMARK [0][-]{chapter*.1}{Danh muc bang biu}{}% 4
\BOOKMARK [0][-]{chapter*.2}{Chng 3. Lp tr\354nh ng dung c s d liu}{}% 5
\BOOKMARK [1][-]{section.3.1}{Gii thiu JDBC}{chapter*.2}% 6
\BOOKMARK [1][-]{section.3.2}{C\341c th\340nh phn trong JDBC}{chapter*.2}% 7
\BOOKMARK [1][-]{section.3.3}{Lc \040lp cua JDBC}{chapter*.2}% 8
\BOOKMARK [1][-]{section.3.4}{Lp DirverManager}{chapter*.2}% 9
\BOOKMARK [1][-]{section.3.5}{\320i tng Connection}{chapter*.2}% 10
\BOOKMARK [1][-]{section.3.6}{\320i tng Statement}{chapter*.2}% 11
\BOOKMARK [1][-]{section.3.7}{Han ch cua i tng Statement}{chapter*.2}% 12
\BOOKMARK [1][-]{section.3.8}{\320i tng PreparedStatement}{chapter*.2}% 13
\BOOKMARK [1][-]{section.3.9}{\320i tng ResultSet}{chapter*.2}% 14
\BOOKMARK [2][-]{subsection.3.9.1}{Ly gi\341 tri cua mu tin tai vi tr\355 cua con tro.}{section.3.9}% 15
\BOOKMARK [2][-]{subsection.3.9.2}{C\341c phng thc di chuyn con tro mu tin}{section.3.9}% 16
\BOOKMARK [2][-]{subsection.3.9.3}{C\341c phng thc cp nht d liu}{section.3.9}% 17
\BOOKMARK [2][-]{subsection.3.9.4}{Th\352m v\340 x\363a mt mu tin}{section.3.9}% 18
\BOOKMARK [2][-]{subsection.3.9.5}{Ly v bang m\364 ta trong ResultSet}{section.3.9}% 19
\BOOKMARK [1][-]{section.3.10}{B\340i tp thc h\340nh}{chapter*.2}% 20
\BOOKMARK [2][-]{subsection.3.10.1}{B\340i thc h\340nh 1}{section.3.10}% 21
\BOOKMARK [2][-]{subsection.3.10.2}{B\340i thc h\340nh 2}{section.3.10}% 22
